<?xml version="1.0" encoding="UTF-8"?>
<!-- Generated by org.testng.reporters.JUnitReportReporter -->
<testsuite hostname="LAPTOP-UC0H6D92" failures="0" tests="3" name="com.greenkart.step.Home" time="8.785" errors="0" timestamp="2023-10-22T12:37:04 IST" skipped="0">
  <testcase classname="com.greenkart.step.Home" name="launchBrowser" time="6.954"/>
  <system-out/>
  <testcase classname="com.greenkart.step.Home" name="selectVegiee" time="1.546"/>
  <system-out/>
  <testcase classname="com.greenkart.step.Home" name="confirmItems" time="0.285"/>
  <system-out/>
</testsuite> <!-- com.greenkart.step.Home -->
